[0911/195425.052:ERROR:process_reader_win.cc(123)] NtOpenThread: {无法访问} 过程已请求访问一对象，但未给访问权限。 (0xc0000022)
[0911/195425.060:ERROR:exception_snapshot_win.cc(98)] thread ID 9852 not found in process
[0911/195425.053:ERROR:process_reader_win.cc(123)] NtOpenThread: {无法访问} 过程已请求访问一对象，但未给访问权限。 (0xc0000022)
[0911/195425.060:ERROR:exception_snapshot_win.cc(98)] thread ID 9920 not found in process
[0911/195425.060:ERROR:process_reader_win.cc(123)] NtOpenThread: {无法访问} 过程已请求访问一对象，但未给访问权限。 (0xc0000022)
[0911/195425.060:ERROR:exception_snapshot_win.cc(98)] thread ID 9504 not found in process
[0911/195425.084:ERROR:process_reader_win.cc(123)] NtOpenThread: {无法访问} 过程已请求访问一对象，但未给访问权限。 (0xc0000022)
[0911/195425.084:ERROR:exception_snapshot_win.cc(98)] thread ID 884 not found in process
[0911/195425.092:ERROR:process_reader_win.cc(123)] NtOpenThread: {无法访问} 过程已请求访问一对象，但未给访问权限。 (0xc0000022)
[0911/195425.092:ERROR:exception_snapshot_win.cc(98)] thread ID 10992 not found in process
[0911/195425.092:ERROR:scoped_process_suspend.cc(40)] NtResumeProcess: 已尝试访问正在退出的过程。 (0xc000010a)
[0912/203428.496:ERROR:process_reader_win.cc(123)] NtOpenThread: {无法访问} 过程已请求访问一对象，但未给访问权限。 (0xc0000022)
[0912/203428.496:ERROR:exception_snapshot_win.cc(98)] thread ID 1920 not found in process
[0912/203428.496:ERROR:process_reader_win.cc(123)] NtOpenThread: {无法访问} 过程已请求访问一对象，但未给访问权限。 (0xc0000022)
[0912/203428.496:ERROR:exception_snapshot_win.cc(98)] thread ID 5288 not found in process
[0912/203428.499:ERROR:process_reader_win.cc(123)] NtOpenThread: {无法访问} 过程已请求访问一对象，但未给访问权限。 (0xc0000022)
[0912/203428.499:ERROR:exception_snapshot_win.cc(98)] thread ID 5764 not found in process
[0912/203428.513:ERROR:process_reader_win.cc(123)] NtOpenThread: {无法访问} 过程已请求访问一对象，但未给访问权限。 (0xc0000022)
[0912/203428.513:ERROR:exception_snapshot_win.cc(98)] thread ID 6508 not found in process
[0912/203428.532:ERROR:process_info.cc(329)] VirtualQueryEx: 拒绝访问。 (0x5)
[0912/203428.532:ERROR:process_info.cc(556)] ReadMemoryInfo failed
[0912/203428.532:ERROR:scoped_process_suspend.cc(40)] NtResumeProcess: 已尝试访问正在退出的过程。 (0xc000010a)
[0912/203549.635:ERROR:process_reader_win.cc(123)] NtOpenThread: {无法访问} 过程已请求访问一对象，但未给访问权限。 (0xc0000022)
[0912/203549.636:ERROR:process_reader_win.cc(123)] NtOpenThread: {无法访问} 过程已请求访问一对象，但未给访问权限。 (0xc0000022)
[0912/203549.636:ERROR:exception_snapshot_win.cc(98)] thread ID 7240 not found in process
[0912/203549.636:ERROR:exception_snapshot_win.cc(98)] thread ID 3712 not found in process
[0912/203549.639:ERROR:process_reader_win.cc(123)] NtOpenThread: {无法访问} 过程已请求访问一对象，但未给访问权限。 (0xc0000022)
[0912/203549.639:ERROR:exception_snapshot_win.cc(98)] thread ID 6824 not found in process
[0912/203549.641:ERROR:process_reader_win.cc(123)] NtOpenThread: {无法访问} 过程已请求访问一对象，但未给访问权限。 (0xc0000022)
[0912/203549.641:ERROR:exception_snapshot_win.cc(98)] thread ID 5572 not found in process
[0912/203549.660:ERROR:process_reader_win.cc(123)] NtOpenThread: {无法访问} 过程已请求访问一对象，但未给访问权限。 (0xc0000022)
[0912/203549.660:ERROR:exception_snapshot_win.cc(98)] thread ID 4048 not found in process
[0912/203549.662:ERROR:process_reader_win.cc(123)] NtOpenThread: {无法访问} 过程已请求访问一对象，但未给访问权限。 (0xc0000022)
[0912/203549.663:ERROR:exception_snapshot_win.cc(98)] thread ID 6284 not found in process
